<?xml version="1.0" encoding="UTF-8"?>
<!-- Generated by org.testng.reporters.JUnitReportReporter -->
<testsuite hostname="Muhammads-MacBook-Pro-2.local" failures="0" tests="3" name="interView.Main" time="41.094" errors="0" timestamp="2023-05-25T00:19:51 PKT" skipped="0">
  <testcase classname="interView.Main" name="functionOne" time="10.284"/>
  <system-out/>
  <testcase classname="interView.Main" name="functionTwo" time="19.754"/>
  <system-out/>
  <testcase classname="interView.Main" name="functionThree" time="11.056"/>
  <system-out/>
</testsuite> <!-- interView.Main -->
